<?xml version="1.0" encoding="UTF-8"?>
<coverage generated="1772815598">
  <project timestamp="1772815598" name="Clover Coverage">
    <package name="App\Config">
      <file name="/home/pem/dev/stud-cli/src/Config/SecretKeyPolicy.php">
        <class name="App\Config\SecretKeyPolicy" namespace="App\Config">
          <metrics complexity="12" methods="3" coveredmethods="3" conditionals="0" coveredconditionals="0" statements="21" coveredstatements="21" elements="24" coveredelements="24"/>
        </class>
        <line num="37" type="method" name="isSecretKey" visibility="public" complexity="4" crap="4" count="10"/>
        <line num="39" type="stmt" count="10"/>
        <line num="40" type="stmt" count="3"/>
        <line num="43" type="stmt" count="9"/>
        <line num="44" type="stmt" count="9"/>
        <line num="45" type="stmt" count="9"/>
        <line num="46" type="stmt" count="2"/>
        <line num="50" type="stmt" count="8"/>
        <line num="60" type="method" name="redact" visibility="public" complexity="5" crap="5" count="8"/>
        <line num="62" type="stmt" count="8"/>
        <line num="63" type="stmt" count="8"/>
        <line num="64" type="stmt" count="7"/>
        <line num="65" type="stmt" count="3"/>
        <line num="67" type="stmt" count="3"/>
        <line num="70" type="stmt" count="7"/>
        <line num="71" type="stmt" count="1"/>
        <line num="73" type="stmt" count="1"/>
        <line num="76" type="stmt" count="6"/>
        <line num="79" type="stmt" count="8"/>
        <line num="85" type="method" name="shouldRedactValue" visibility="private" complexity="3" crap="3" count="7"/>
        <line num="87" type="stmt" count="7"/>
        <line num="88" type="stmt" count="7"/>
        <line num="89" type="stmt" count="1"/>
        <line num="92" type="stmt" count="6"/>
        <metrics loc="95" ncloc="67" classes="1" methods="3" coveredmethods="3" conditionals="0" coveredconditionals="0" statements="21" coveredstatements="21" elements="24" coveredelements="24"/>
      </file>
    </package>
    <package name="App\DTO">
      <file name="/home/pem/dev/stud-cli/src/DTO/BranchListRow.php">
        <class name="App\DTO\BranchListRow" namespace="App\DTO">
          <metrics complexity="1" methods="1" coveredmethods="1" conditionals="0" coveredconditionals="0" statements="1" coveredstatements="1" elements="2" coveredelements="2"/>
        </class>
        <line num="9" type="method" name="__construct" visibility="public" complexity="1" crap="1" count="12"/>
        <line num="15" type="stmt" count="12"/>
        <metrics loc="17" ncloc="17" classes="1" methods="1" coveredmethods="1" conditionals="0" coveredconditionals="0" statements="1" coveredstatements="1" elements="2" coveredelements="2"/>
      </file>
      <file name="/home/pem/dev/stud-cli/src/DTO/Filter.php">
        <class name="App\DTO\Filter" namespace="App\DTO">
          <metrics complexity="1" methods="1" coveredmethods="1" conditionals="0" coveredconditionals="0" statements="1" coveredstatements="1" elements="2" coveredelements="2"/>
        </class>
        <line num="9" type="method" name="__construct" visibility="public" complexity="1" crap="1" count="7"/>
        <line num="13" type="stmt" count="7"/>
        <metrics loc="15" ncloc="15" classes="1" methods="1" coveredmethods="1" conditionals="0" coveredconditionals="0" statements="1" coveredstatements="1" elements="2" coveredelements="2"/>
      </file>
      <file name="/home/pem/dev/stud-cli/src/DTO/Project.php">
        <class name="App\DTO\Project" namespace="App\DTO">
          <metrics complexity="1" methods="1" coveredmethods="1" conditionals="0" coveredconditionals="0" statements="1" coveredstatements="1" elements="2" coveredelements="2"/>
        </class>
        <line num="9" type="method" name="__construct" visibility="public" complexity="1" crap="1" count="4"/>
        <line num="13" type="stmt" count="4"/>
        <metrics loc="15" ncloc="15" classes="1" methods="1" coveredmethods="1" conditionals="0" coveredconditionals="0" statements="1" coveredstatements="1" elements="2" coveredelements="2"/>
      </file>
      <file name="/home/pem/dev/stud-cli/src/DTO/PullRequestComment.php">
        <class name="App\DTO\PullRequestComment" namespace="App\DTO">
          <metrics complexity="1" methods="1" coveredmethods="1" conditionals="0" coveredconditionals="0" statements="1" coveredstatements="1" elements="2" coveredelements="2"/>
        </class>
        <line num="13" type="method" name="__construct" visibility="public" complexity="1" crap="1" count="21"/>
        <line num="20" type="stmt" count="21"/>
        <metrics loc="22" ncloc="18" classes="1" methods="1" coveredmethods="1" conditionals="0" coveredconditionals="0" statements="1" coveredstatements="1" elements="2" coveredelements="2"/>
      </file>
      <file name="/home/pem/dev/stud-cli/src/DTO/PullRequestData.php">
        <class name="App\DTO\PullRequestData" namespace="App\DTO">
          <metrics complexity="1" methods="1" coveredmethods="1" conditionals="0" coveredconditionals="0" statements="1" coveredstatements="1" elements="2" coveredelements="2"/>
        </class>
        <line num="9" type="method" name="__construct" visibility="public" complexity="1" crap="1" count="34"/>
        <line num="16" type="stmt" count="34"/>
        <metrics loc="18" ncloc="18" classes="1" methods="1" coveredmethods="1" conditionals="0" coveredconditionals="0" statements="1" coveredstatements="1" elements="2" coveredelements="2"/>
      </file>
      <file name="/home/pem/dev/stud-cli/src/DTO/ValidationResult.php">
        <class name="App\DTO\ValidationResult" namespace="App\DTO">
          <metrics complexity="3" methods="2" coveredmethods="2" conditionals="0" coveredconditionals="0" statements="2" coveredstatements="2" elements="4" coveredelements="4"/>
        </class>
        <line num="17" type="method" name="__construct" visibility="public" complexity="1" crap="1" count="7"/>
        <line num="22" type="stmt" count="7"/>
        <line num="27" type="method" name="hasMissingKeys" visibility="public" complexity="2" crap="2" count="2"/>
        <line num="29" type="stmt" count="2"/>
        <metrics loc="32" ncloc="21" classes="1" methods="2" coveredmethods="2" conditionals="0" coveredconditionals="0" statements="2" coveredstatements="2" elements="4" coveredelements="4"/>
      </file>
      <file name="/home/pem/dev/stud-cli/src/DTO/WorkItem.php">
        <class name="App\DTO\WorkItem" namespace="App\DTO">
          <metrics complexity="1" methods="1" coveredmethods="1" conditionals="0" coveredconditionals="0" statements="1" coveredstatements="1" elements="2" coveredelements="2"/>
        </class>
        <line num="13" type="method" name="__construct" visibility="public" complexity="1" crap="1" count="174"/>
        <line num="26" type="stmt" count="174"/>
        <metrics loc="28" ncloc="24" classes="1" methods="1" coveredmethods="1" conditionals="0" coveredconditionals="0" statements="1" coveredstatements="1" elements="2" coveredelements="2"/>
      </file>
    </package>
    <package name="App\Exception">
      <file name="/home/pem/dev/stud-cli/src/Exception/ApiException.php">
        <class name="App\Exception\ApiException" namespace="App\Exception">
          <metrics complexity="3" methods="3" coveredmethods="3" conditionals="0" coveredconditionals="0" statements="3" coveredstatements="3" elements="6" coveredelements="6"/>
        </class>
        <line num="9" type="method" name="__construct" visibility="public" complexity="1" crap="1" count="99"/>
        <line num="15" type="stmt" count="99"/>
        <line num="18" type="method" name="getTechnicalDetails" visibility="public" complexity="1" crap="1" count="55"/>
        <line num="20" type="stmt" count="55"/>
        <line num="23" type="method" name="getStatusCode" visibility="public" complexity="1" crap="1" count="14"/>
        <line num="25" type="stmt" count="14"/>
        <metrics loc="28" ncloc="28" classes="1" methods="3" coveredmethods="3" conditionals="0" coveredconditionals="0" statements="3" coveredstatements="3" elements="6" coveredelements="6"/>
      </file>
      <file name="/home/pem/dev/stud-cli/src/Exception/GitException.php">
        <class name="App\Exception\GitException" namespace="App\Exception">
          <metrics complexity="2" methods="2" coveredmethods="2" conditionals="0" coveredconditionals="0" statements="2" coveredstatements="2" elements="4" coveredelements="4"/>
        </class>
        <line num="9" type="method" name="__construct" visibility="public" complexity="1" crap="1" count="9"/>
        <line num="14" type="stmt" count="9"/>
        <line num="17" type="method" name="getTechnicalDetails" visibility="public" complexity="1" crap="1" count="4"/>
        <line num="19" type="stmt" count="4"/>
        <metrics loc="22" ncloc="22" classes="1" methods="2" coveredmethods="2" conditionals="0" coveredconditionals="0" statements="2" coveredstatements="2" elements="4" coveredelements="4"/>
      </file>
    </package>
    <package name="App\Handler">
      <file name="/home/pem/dev/stud-cli/src/Handler/BranchAction.php">
        <class name="App\Handler\BranchAction" namespace="App\Handler">
          <metrics complexity="1" methods="1" coveredmethods="1" conditionals="0" coveredconditionals="0" statements="1" coveredstatements="1" elements="2" coveredelements="2"/>
        </class>
        <line num="17" type="method" name="__construct" visibility="private" complexity="1" crap="1" count="1"/>
        <line num="20" type="stmt" count="1"/>
        <metrics loc="22" ncloc="17" classes="1" methods="1" coveredmethods="1" conditionals="0" coveredconditionals="0" statements="1" coveredstatements="1" elements="2" coveredelements="2"/>
      </file>
      <file name="/home/pem/dev/stud-cli/src/Handler/BranchCleanHandler.php">
        <class name="App\Handler\BranchCleanHandler" namespace="App\Handler">
          <metrics complexity="77" methods="25" coveredmethods="25" conditionals="0" coveredconditionals="0" statements="219" coveredstatements="219" elements="244" coveredelements="244"/>
        </class>
        <line num="18" type="method" name="__construct" visibility="public" complexity="1" crap="1" count="39"/>
        <line num="25" type="stmt" count="39"/>
        <line num="27" type="method" name="handle" visibility="public" complexity="3" crap="3" count="22"/>
        <line num="29" type="stmt" count="22"/>
        <line num="31" type="stmt" count="22"/>
        <line num="32" type="stmt" count="22"/>
        <line num="33" type="stmt" count="22"/>
        <line num="34" type="stmt" count="22"/>
        <line num="36" type="stmt" count="22"/>
        <line num="37" type="stmt" count="6"/>
        <line num="40" type="stmt" count="16"/>
        <line num="41" type="stmt" count="16"/>
        <line num="43" type="stmt" count="16"/>
        <line num="44" type="stmt" count="1"/>
        <line num="47" type="stmt" count="15"/>
        <line num="48" type="stmt" count="15"/>
        <line num="50" type="stmt" count="15"/>
        <line num="56" type="method" name="displayHeader" visibility="protected" complexity="1" crap="1" count="22"/>
        <line num="58" type="stmt" count="22"/>
        <line num="59" type="stmt" count="22"/>
        <line num="60" type="stmt" count="22"/>
        <line num="61" type="stmt" count="22"/>
        <line num="72" type="method" name="shouldExitEarly" visibility="protected" complexity="4" crap="4" count="22"/>
        <line num="74" type="stmt" count="22"/>
        <line num="76" type="stmt" count="22"/>
        <line num="77" type="stmt" count="4"/>
        <line num="79" type="stmt" count="4"/>
        <line num="82" type="stmt" count="18"/>
        <line num="83" type="stmt" count="2"/>
        <line num="86" type="stmt" count="16"/>
        <line num="94" type="method" name="notifyCurrentBranchSkipped" visibility="protected" complexity="2" crap="2" count="16"/>
        <line num="96" type="stmt" count="16"/>
        <line num="97" type="stmt" count="1"/>
        <line num="98" type="stmt" count="1"/>
        <line num="109" type="method" name="displayBranchesToClean" visibility="protected" complexity="4" crap="4" count="16"/>
        <line num="111" type="stmt" count="16"/>
        <line num="112" type="stmt" count="16"/>
        <line num="114" type="stmt" count="16"/>
        <line num="115" type="stmt" count="11"/>
        <line num="116" type="stmt" count="11"/>
        <line num="119" type="stmt" count="16"/>
        <line num="120" type="stmt" count="6"/>
        <line num="121" type="stmt" count="6"/>
        <line num="122" type="stmt" count="6"/>
        <line num="123" type="stmt" count="5"/>
        <line num="136" type="method" name="confirmDeletion" visibility="protected" complexity="3" crap="3" count="16"/>
        <line num="138" type="stmt" count="16"/>
        <line num="139" type="stmt" count="8"/>
        <line num="142" type="stmt" count="8"/>
        <line num="143" type="stmt" count="8"/>
        <line num="144" type="stmt" count="8"/>
        <line num="145" type="stmt" count="8"/>
        <line num="146" type="stmt" count="8"/>
        <line num="148" type="stmt" count="8"/>
        <line num="149" type="stmt" count="1"/>
        <line num="151" type="stmt" count="1"/>
        <line num="154" type="stmt" count="7"/>
        <line num="162" type="method" name="displayDeletionResult" visibility="protected" complexity="2" crap="2" count="15"/>
        <line num="164" type="stmt" count="15"/>
        <line num="165" type="stmt" count="12"/>
        <line num="174" type="method" name="findBranchesToClean" visibility="protected" complexity="7" crap="7" count="22"/>
        <line num="176" type="stmt" count="22"/>
        <line num="177" type="stmt" count="22"/>
        <line num="178" type="stmt" count="22"/>
        <line num="179" type="stmt" count="22"/>
        <line num="182" type="stmt" count="22"/>
        <line num="184" type="stmt" count="22"/>
        <line num="185" type="stmt" count="22"/>
        <line num="186" type="stmt" count="22"/>
        <line num="188" type="stmt" count="22"/>
        <line num="189" type="stmt" count="22"/>
        <line num="191" type="stmt" count="22"/>
        <line num="192" type="stmt" count="7"/>
        <line num="195" type="stmt" count="19"/>
        <line num="196" type="stmt" count="2"/>
        <line num="199" type="stmt" count="17"/>
        <line num="200" type="stmt" count="2"/>
        <line num="203" type="stmt" count="16"/>
        <line num="204" type="stmt" count="16"/>
        <line num="207" type="stmt" count="16"/>
        <line num="208" type="stmt" count="6"/>
        <line num="209" type="stmt" count="6"/>
        <line num="211" type="stmt" count="11"/>
        <line num="212" type="stmt" count="11"/>
        <line num="216" type="stmt" count="22"/>
        <line num="218" type="stmt" count="22"/>
        <line num="219" type="stmt" count="22"/>
        <line num="220" type="stmt" count="22"/>
        <line num="221" type="stmt" count="22"/>
        <line num="222" type="stmt" count="22"/>
        <line num="230" type="method" name="fetchAllBranches" visibility="protected" complexity="1" crap="1" count="22"/>
        <line num="232" type="stmt" count="22"/>
        <line num="233" type="stmt" count="22"/>
        <line num="234" type="stmt" count="22"/>
        <line num="236" type="stmt" count="22"/>
        <line num="244" type="method" name="fetchRemoteBranchesSet" visibility="protected" complexity="1" crap="1" count="22"/>
        <line num="246" type="stmt" count="22"/>
        <line num="247" type="stmt" count="22"/>
        <line num="248" type="stmt" count="22"/>
        <line num="250" type="stmt" count="22"/>
        <line num="261" type="method" name="shouldSkipBranch" visibility="protected" complexity="3" crap="3" count="22"/>
        <line num="263" type="stmt" count="22"/>
        <line num="264" type="stmt" count="4"/>
        <line num="266" type="stmt" count="4"/>
        <line num="269" type="stmt" count="21"/>
        <line num="270" type="stmt" count="3"/>
        <line num="271" type="stmt" count="3"/>
        <line num="273" type="stmt" count="3"/>
        <line num="276" type="stmt" count="19"/>
        <line num="285" type="method" name="isBranchMerged" visibility="protected" complexity="3" crap="3" count="19"/>
        <line num="287" type="stmt" count="19"/>
        <line num="290" type="stmt" count="19"/>
        <line num="291" type="stmt" count="18"/>
        <line num="293" type="stmt" count="18"/>
        <line num="294" type="stmt" count="1"/>
        <line num="295" type="stmt" count="1"/>
        <line num="296" type="stmt" count="1"/>
        <line num="298" type="stmt" count="1"/>
        <line num="309" type="method" name="hasOpenPullRequest" visibility="protected" complexity="8" crap="8" count="25"/>
        <line num="311" type="stmt" count="25"/>
        <line num="312" type="stmt" count="2"/>
        <line num="316" type="stmt" count="23"/>
        <line num="317" type="stmt" count="19"/>
        <line num="318" type="stmt" count="13"/>
        <line num="321" type="stmt" count="7"/>
        <line num="322" type="stmt" count="7"/>
        <line num="323" type="stmt" count="7"/>
        <line num="324" type="stmt" count="7"/>
        <line num="326" type="stmt" count="7"/>
        <line num="327" type="stmt" count="4"/>
        <line num="329" type="stmt" count="4"/>
        <line num="332" type="stmt" count="5"/>
        <line num="337" type="stmt" count="4"/>
        <line num="338" type="stmt" count="4"/>
        <line num="339" type="stmt" count="3"/>
        <line num="340" type="stmt" count="1"/>
        <line num="343" type="stmt" count="2"/>
        <line num="344" type="stmt" count="2"/>
        <line num="345" type="stmt" count="2"/>
        <line num="347" type="stmt" count="2"/>
        <line num="348" type="stmt" count="1"/>
        <line num="350" type="stmt" count="1"/>
        <line num="353" type="stmt" count="1"/>
        <line num="354" type="stmt" count="1"/>
        <line num="355" type="stmt" count="1"/>
        <line num="356" type="stmt" count="1"/>
        <line num="358" type="stmt" count="1"/>
        <line num="367" type="method" name="buildPrMap" visibility="protected" complexity="8" crap="8" count="26"/>
        <line num="369" type="stmt" count="26"/>
        <line num="370" type="stmt" count="1"/>
        <line num="374" type="stmt" count="25"/>
        <line num="375" type="stmt" count="25"/>
        <line num="376" type="stmt" count="22"/>
        <line num="378" type="stmt" count="22"/>
        <line num="379" type="stmt" count="22"/>
        <line num="381" type="stmt" count="7"/>
        <line num="382" type="stmt" count="1"/>
        <line num="385" type="stmt" count="7"/>
        <line num="389" type="stmt" count="7"/>
        <line num="390" type="stmt" count="7"/>
        <line num="391" type="stmt" count="7"/>
        <line num="392" type="stmt" count="2"/>
        <line num="395" type="stmt" count="7"/>
        <line num="398" type="stmt" count="22"/>
        <line num="400" type="stmt" count="22"/>
        <line num="401" type="stmt" count="3"/>
        <line num="403" type="stmt" count="3"/>
        <line num="404" type="stmt" count="3"/>
        <line num="406" type="stmt" count="3"/>
        <line num="416" type="method" name="isProtectedBranch" visibility="protected" complexity="1" crap="1" count="27"/>
        <line num="418" type="stmt" count="27"/>
        <line num="426" type="method" name="displayBranchesList" visibility="protected" complexity="2" crap="2" count="16"/>
        <line num="428" type="stmt" count="16"/>
        <line num="429" type="stmt" count="16"/>
        <line num="441" type="method" name="deleteBranches" visibility="protected" complexity="1" crap="1" count="20"/>
        <line num="443" type="stmt" count="20"/>
        <line num="445" type="stmt" count="20"/>
        <line num="446" type="stmt" count="20"/>
        <line num="448" type="stmt" count="20"/>
        <line num="457" type="method" name="deleteLocalOnlyBranches" visibility="protected" complexity="4" crap="4" count="20"/>
        <line num="459" type="stmt" count="20"/>
        <line num="461" type="stmt" count="20"/>
        <line num="462" type="stmt" count="12"/>
        <line num="463" type="stmt" count="1"/>
        <line num="465" type="stmt" count="1"/>
        <line num="468" type="stmt" count="11"/>
        <line num="469" type="stmt" count="9"/>
        <line num="473" type="stmt" count="20"/>
        <line num="483" type="method" name="deleteBranchesWithRemote" visibility="protected" complexity="4" crap="4" count="20"/>
        <line num="485" type="stmt" count="20"/>
        <line num="487" type="stmt" count="20"/>
        <line num="488" type="stmt" count="9"/>
        <line num="489" type="stmt" count="1"/>
        <line num="491" type="stmt" count="1"/>
        <line num="494" type="stmt" count="8"/>
        <line num="495" type="stmt" count="6"/>
        <line num="496" type="stmt" count="6"/>
        <line num="500" type="stmt" count="20"/>
        <line num="510" type="method" name="deleteBranchWithFallback" visibility="protected" complexity="4" crap="4" count="18"/>
        <line num="514" type="stmt" count="18"/>
        <line num="515" type="stmt" count="18"/>
        <line num="516" type="stmt" count="11"/>
        <line num="519" type="stmt" count="18"/>
        <line num="520" type="stmt" count="18"/>
        <line num="521" type="stmt" count="18"/>
        <line num="522" type="stmt" count="12"/>
        <line num="524" type="stmt" count="12"/>
        <line num="525" type="stmt" count="6"/>
        <line num="526" type="stmt" count="6"/>
        <line num="537" type="method" name="handleDeleteFailure" visibility="protected" complexity="3" crap="3" count="6"/>
        <line num="540" type="stmt" count="6"/>
        <line num="541" type="stmt" count="6"/>
        <line num="542" type="stmt" count="4"/>
        <line num="545" type="stmt" count="2"/>
        <line num="546" type="stmt" count="2"/>
        <line num="548" type="stmt" count="2"/>
        <line num="557" type="method" name="attemptForceDelete" visibility="protected" complexity="2" crap="2" count="4"/>
        <line num="560" type="stmt" count="4"/>
        <line num="561" type="stmt" count="4"/>
        <line num="562" type="stmt" count="2"/>
        <line num="564" type="stmt" count="2"/>
        <line num="565" type="stmt" count="2"/>
        <line num="566" type="stmt" count="2"/>
        <line num="567" type="stmt" count="2"/>
        <line num="569" type="stmt" count="2"/>
        <line num="579" type="method" name="handleRemoteBranchDeletion" visibility="protected" complexity="3" crap="3" count="6"/>
        <line num="581" type="stmt" count="6"/>
        <line num="583" type="stmt" count="1"/>
        <line num="585" type="stmt" count="1"/>
        <line num="588" type="stmt" count="5"/>
        <line num="589" type="stmt" count="5"/>
        <line num="590" type="stmt" count="5"/>
        <line num="591" type="stmt" count="5"/>
        <line num="593" type="stmt" count="5"/>
        <line num="594" type="stmt" count="3"/>
        <line num="596" type="stmt" count="2"/>
        <line num="605" type="method" name="deleteRemoteBranch" visibility="protected" complexity="2" crap="2" count="3"/>
        <line num="608" type="stmt" count="3"/>
        <line num="609" type="stmt" count="3"/>
        <line num="610" type="stmt" count="2"/>
        <line num="611" type="stmt" count="2"/>
        <line num="612" type="stmt" count="1"/>
        <line num="613" type="stmt" count="1"/>
        <line num="614" type="stmt" count="1"/>
        <metrics loc="618" ncloc="466" classes="1" methods="25" coveredmethods="25" conditionals="0" coveredconditionals="0" statements="219" coveredstatements="219" elements="244" coveredelements="244"/>
      </file>
      <file name="/home/pem/dev/stud-cli/src/Handler/BranchListHandler.php">
        <class name="App\Handler\BranchListHandler" namespace="App\Handler">
          <metrics complexity="23" methods="5" coveredmethods="5" conditionals="0" coveredconditionals="0" statements="57" coveredstatements="57" elements="62" coveredelements="62"/>
        </class>
        <line num="15" type="method" name="__construct" visibility="public" complexity="1" crap="1" count="19"/>
        <line num="21" type="stmt" count="19"/>
        <line num="23" type="method" name="handle" visibility="public" complexity="6" crap="6" count="9"/>
        <line num="25" type="stmt" count="9"/>
        <line num="27" type="stmt" count="9"/>
        <line num="28" type="stmt" count="1"/>
        <line num="31" type="stmt" count="8"/>
        <line num="32" type="stmt" count="8"/>
        <line num="33" type="stmt" count="8"/>
        <line num="34" type="stmt" count="8"/>
        <line num="36" type="stmt" count="8"/>
        <line num="37" type="stmt" count="8"/>
        <line num="38" type="stmt" count="8"/>
        <line num="39" type="stmt" count="8"/>
        <line num="40" type="stmt" count="8"/>
        <line num="41" type="stmt" count="8"/>
        <line num="43" type="stmt" count="8"/>
        <line num="44" type="stmt" count="8"/>
        <line num="45" type="stmt" count="1"/>
        <line num="48" type="stmt" count="8"/>
        <line num="49" type="stmt" count="8"/>
        <line num="50" type="stmt" count="8"/>
        <line num="51" type="stmt" count="8"/>
        <line num="52" type="stmt" count="8"/>
        <line num="53" type="stmt" count="8"/>
        <line num="56" type="stmt" count="8"/>
        <line num="65" type="method" name="determineBranchStatus" visibility="protected" complexity="4" crap="4" count="8"/>
        <line num="67" type="stmt" count="8"/>
        <line num="68" type="stmt" count="8"/>
        <line num="70" type="stmt" count="8"/>
        <line num="71" type="stmt" count="2"/>
        <line num="74" type="stmt" count="6"/>
        <line num="75" type="stmt" count="3"/>
        <line num="76" type="stmt" count="2"/>
        <line num="79" type="stmt" count="1"/>
        <line num="82" type="stmt" count="4"/>
        <line num="90" type="method" name="hasPullRequest" visibility="protected" complexity="4" crap="4" count="14"/>
        <line num="92" type="stmt" count="14"/>
        <line num="93" type="stmt" count="2"/>
        <line num="96" type="stmt" count="12"/>
        <line num="97" type="stmt" count="9"/>
        <line num="101" type="stmt" count="3"/>
        <line num="103" type="stmt" count="2"/>
        <line num="104" type="stmt" count="1"/>
        <line num="105" type="stmt" count="1"/>
        <line num="114" type="method" name="buildPrMap" visibility="protected" complexity="8" crap="8" count="12"/>
        <line num="116" type="stmt" count="12"/>
        <line num="117" type="stmt" count="1"/>
        <line num="121" type="stmt" count="11"/>
        <line num="122" type="stmt" count="8"/>
        <line num="124" type="stmt" count="8"/>
        <line num="125" type="stmt" count="5"/>
        <line num="126" type="stmt" count="1"/>
        <line num="129" type="stmt" count="5"/>
        <line num="130" type="stmt" count="5"/>
        <line num="131" type="stmt" count="5"/>
        <line num="132" type="stmt" count="5"/>
        <line num="133" type="stmt" count="2"/>
        <line num="136" type="stmt" count="5"/>
        <line num="139" type="stmt" count="8"/>
        <line num="140" type="stmt" count="3"/>
        <line num="141" type="stmt" count="3"/>
        <metrics loc="145" ncloc="129" classes="1" methods="5" coveredmethods="5" conditionals="0" coveredconditionals="0" statements="57" coveredstatements="57" elements="62" coveredelements="62"/>
      </file>
      <file name="/home/pem/dev/stud-cli/src/Handler/BranchRenameHandler.php">
        <class name="App\Handler\BranchRenameHandler" namespace="App\Handler">
          <metrics complexity="91" methods="26" coveredmethods="26" conditionals="0" coveredconditionals="0" statements="175" coveredstatements="175" elements="201" coveredelements="201"/>
        </class>
        <line num="21" type="method" name="__construct" visibility="public" complexity="1" crap="1" count="30"/>
        <line num="31" type="stmt" count="30"/>
        <line num="33" type="method" name="handle" visibility="public" complexity="8" crap="8" count="27"/>
        <line num="35" type="stmt" count="27"/>
        <line num="37" type="stmt" count="27"/>
        <line num="38" type="stmt" count="1"/>
        <line num="41" type="stmt" count="26"/>
        <line num="42" type="stmt" count="26"/>
        <line num="43" type="stmt" count="26"/>
        <line num="44" type="stmt" count="7"/>
        <line num="47" type="stmt" count="19"/>
        <line num="48" type="stmt" count="19"/>
        <line num="49" type="stmt" count="2"/>
        <line num="52" type="stmt" count="17"/>
        <line num="53" type="stmt" count="17"/>
        <line num="54" type="stmt" count="1"/>
        <line num="57" type="stmt" count="16"/>
        <line num="63" type="method" name="normalizeBranchAndKey" visibility="protected" complexity="4" crap="4" count="26"/>
        <line num="65" type="stmt" count="26"/>
        <line num="66" type="stmt" count="1"/>
        <line num="69" type="stmt" count="25"/>
        <line num="71" type="stmt" count="25"/>
        <line num="77" type="method" name="performRename" visibility="protected" complexity="3" crap="3" count="16"/>
        <line num="79" type="stmt" count="16"/>
        <line num="80" type="stmt" count="16"/>
        <line num="81" type="stmt" count="16"/>
        <line num="82" type="stmt" count="16"/>
        <line num="83" type="stmt" count="1"/>
        <line num="85" type="stmt" count="15"/>
        <line num="86" type="stmt" count="15"/>
        <line num="88" type="stmt" count="15"/>
        <line num="91" type="method" name="validateWorkingDirectory" visibility="protected" complexity="2" crap="2" count="27"/>
        <line num="93" type="stmt" count="27"/>
        <line num="94" type="stmt" count="27"/>
        <line num="95" type="stmt" count="1"/>
        <line num="97" type="stmt" count="1"/>
        <line num="100" type="stmt" count="26"/>
        <line num="103" type="method" name="validateBranchName" visibility="protected" complexity="7" crap="7" count="20"/>
        <line num="106" type="stmt" count="20"/>
        <line num="107" type="stmt" count="3"/>
        <line num="109" type="stmt" count="18"/>
        <line num="110" type="stmt" count="2"/>
        <line num="112" type="stmt" count="17"/>
        <line num="113" type="stmt" count="1"/>
        <line num="129" type="stmt" count="17"/>
        <line num="132" type="method" name="generateBranchNameFromKey" visibility="protected" complexity="1" crap="1" count="6"/>
        <line num="134" type="stmt" count="6"/>
        <line num="135" type="stmt" count="4"/>
        <line num="136" type="stmt" count="4"/>
        <line num="137" type="stmt" count="4"/>
        <line num="139" type="stmt" count="4"/>
        <line num="142" type="method" name="getBranchPrefixFromIssueType" visibility="protected" complexity="5" crap="5" count="5"/>
        <line num="144" type="stmt" count="5"/>
        <line num="145" type="stmt" count="1"/>
        <line num="146" type="stmt" count="5"/>
        <line num="147" type="stmt" count="1"/>
        <line num="148" type="stmt" count="5"/>
        <line num="149" type="stmt" count="5"/>
        <line num="152" type="method" name="determineNewBranchName" visibility="protected" complexity="3" crap="3" count="26"/>
        <line num="154" type="stmt" count="26"/>
        <line num="155" type="stmt" count="19"/>
        <line num="158" type="stmt" count="7"/>
        <line num="159" type="stmt" count="3"/>
        <line num="162" type="stmt" count="4"/>
        <line num="168" type="method" name="checkBranchSync" visibility="protected" complexity="1" crap="1" count="4"/>
        <line num="170" type="stmt" count="4"/>
        <line num="171" type="stmt" count="4"/>
        <line num="172" type="stmt" count="4"/>
        <line num="174" type="stmt" count="4"/>
        <line num="175" type="stmt" count="4"/>
        <line num="176" type="stmt" count="4"/>
        <line num="177" type="stmt" count="4"/>
        <line num="178" type="stmt" count="4"/>
        <line num="192" type="method" name="showConfirmationMessage" visibility="protected" complexity="1" crap="1" count="16"/>
        <line num="194" type="stmt" count="16"/>
        <line num="195" type="stmt" count="16"/>
        <line num="196" type="stmt" count="16"/>
        <line num="197" type="stmt" count="16"/>
        <line num="199" type="stmt" count="16"/>
        <line num="200" type="stmt" count="16"/>
        <line num="206" type="method" name="showBranchConfirmationDetails" visibility="protected" complexity="3" crap="3" count="16"/>
        <line num="208" type="stmt" count="16"/>
        <line num="209" type="stmt" count="16"/>
        <line num="210" type="stmt" count="15"/>
        <line num="213" type="stmt" count="16"/>
        <line num="214" type="stmt" count="4"/>
        <line num="221" type="method" name="showPrConfirmation" visibility="protected" complexity="3" crap="3" count="16"/>
        <line num="223" type="stmt" count="16"/>
        <line num="224" type="stmt" count="4"/>
        <line num="231" type="method" name="updatePullRequestAfterRename" visibility="protected" complexity="4" crap="4" count="6"/>
        <line num="233" type="stmt" count="6"/>
        <line num="234" type="stmt" count="2"/>
        <line num="237" type="stmt" count="4"/>
        <line num="239" type="stmt" count="4"/>
        <line num="240" type="stmt" count="4"/>
        <line num="241" type="stmt" count="4"/>
        <line num="242" type="stmt" count="1"/>
        <line num="244" type="stmt" count="1"/>
        <line num="247" type="stmt" count="3"/>
        <line num="250" type="method" name="createSubmitHandler" visibility="protected" complexity="1" crap="1" count="4"/>
        <line num="252" type="stmt" count="4"/>
        <line num="253" type="stmt" count="4"/>
        <line num="254" type="stmt" count="4"/>
        <line num="255" type="stmt" count="4"/>
        <line num="256" type="stmt" count="4"/>
        <line num="257" type="stmt" count="4"/>
        <line num="258" type="stmt" count="4"/>
        <line num="259" type="stmt" count="4"/>
        <line num="260" type="stmt" count="4"/>
        <line num="261" type="stmt" count="4"/>
        <line num="264" type="method" name="commentOnNewPullRequest" visibility="protected" complexity="5" crap="5" count="3"/>
        <line num="266" type="stmt" count="3"/>
        <line num="269" type="stmt" count="3"/>
        <line num="270" type="stmt" count="3"/>
        <line num="271" type="stmt" count="3"/>
        <line num="272" type="stmt" count="3"/>
        <line num="274" type="stmt" count="3"/>
        <line num="275" type="stmt" count="3"/>
        <line num="276" type="stmt" count="3"/>
        <line num="278" type="stmt" count="1"/>
        <line num="283" type="method" name="validateNewBranchNameExists" visibility="protected" complexity="3" crap="3" count="20"/>
        <line num="285" type="stmt" count="20"/>
        <line num="286" type="stmt" count="20"/>
        <line num="287" type="stmt" count="1"/>
        <line num="289" type="stmt" count="1"/>
        <line num="292" type="stmt" count="19"/>
        <line num="298" type="method" name="checkBranchExistence" visibility="protected" complexity="7" crap="7" count="19"/>
        <line num="300" type="stmt" count="19"/>
        <line num="301" type="stmt" count="19"/>
        <line num="303" type="stmt" count="19"/>
        <line num="304" type="stmt" count="1"/>
        <line num="306" type="stmt" count="1"/>
        <line num="309" type="stmt" count="18"/>
        <line num="310" type="stmt" count="2"/>
        <line num="311" type="stmt" count="2"/>
        <line num="312" type="stmt" count="1"/>
        <line num="316" type="stmt" count="17"/>
        <line num="319" type="method" name="handleBranchSynchronization" visibility="protected" complexity="7" crap="7" count="17"/>
        <line num="321" type="stmt" count="17"/>
        <line num="322" type="stmt" count="13"/>
        <line num="325" type="stmt" count="4"/>
        <line num="326" type="stmt" count="4"/>
        <line num="327" type="stmt" count="2"/>
        <line num="328" type="stmt" count="2"/>
        <line num="329" type="stmt" count="2"/>
        <line num="330" type="stmt" count="2"/>
        <line num="333" type="stmt" count="2"/>
        <line num="334" type="stmt" count="1"/>
        <line num="335" type="stmt" count="1"/>
        <line num="336" type="stmt" count="1"/>
        <line num="338" type="stmt" count="1"/>
        <line num="343" type="stmt" count="3"/>
        <line num="349" type="method" name="findAssociatedPullRequest" visibility="protected" complexity="4" crap="4" count="16"/>
        <line num="351" type="stmt" count="16"/>
        <line num="352" type="stmt" count="1"/>
        <line num="355" type="stmt" count="15"/>
        <line num="356" type="stmt" count="15"/>
        <line num="357" type="stmt" count="15"/>
        <line num="358" type="stmt" count="15"/>
        <line num="361" type="stmt" count="15"/>
        <line num="362" type="stmt" count="1"/>
        <line num="364" type="stmt" count="1"/>
        <line num="371" type="method" name="renameBranches" visibility="protected" complexity="4" crap="4" count="15"/>
        <line num="373" type="stmt" count="15"/>
        <line num="374" type="stmt" count="15"/>
        <line num="375" type="stmt" count="14"/>
        <line num="376" type="stmt" count="14"/>
        <line num="379" type="stmt" count="15"/>
        <line num="380" type="stmt" count="4"/>
        <line num="383" type="stmt" count="4"/>
        <line num="384" type="stmt" count="1"/>
        <line num="385" type="stmt" count="1"/>
        <line num="393" type="method" name="handlePostRenameActions" visibility="protected" complexity="7" crap="7" count="15"/>
        <line num="395" type="stmt" count="15"/>
        <line num="396" type="stmt" count="5"/>
        <line num="399" type="stmt" count="15"/>
        <line num="401" type="stmt" count="15"/>
        <line num="402" type="stmt" count="9"/>
        <line num="403" type="stmt" count="9"/>
        <line num="404" type="stmt" count="9"/>
        <line num="405" type="stmt" count="9"/>
        <line num="410" type="method" name="handleExplicitName" visibility="protected" complexity="2" crap="2" count="19"/>
        <line num="412" type="stmt" count="19"/>
        <line num="413" type="stmt" count="3"/>
        <line num="415" type="stmt" count="3"/>
        <line num="418" type="stmt" count="16"/>
        <line num="421" type="method" name="generateBranchNameFromKeyWithErrorHandling" visibility="protected" complexity="2" crap="2" count="6"/>
        <line num="423" type="stmt" count="6"/>
        <line num="426" type="stmt" count="6"/>
        <line num="428" type="stmt" count="6"/>
        <line num="429" type="stmt" count="2"/>
        <line num="430" type="stmt" count="2"/>
        <line num="432" type="stmt" count="2"/>
        <line num="436" type="method" name="generateBranchNameFromExtractedKey" visibility="protected" complexity="2" crap="2" count="4"/>
        <line num="438" type="stmt" count="4"/>
        <line num="439" type="stmt" count="4"/>
        <line num="440" type="stmt" count="1"/>
        <line num="442" type="stmt" count="1"/>
        <line num="445" type="stmt" count="3"/>
        <line num="448" type="method" name="looksLikeJiraKey" visibility="protected" complexity="1" crap="1" count="1"/>
        <line num="451" type="stmt" count="1"/>
        <metrics loc="454" ncloc="402" classes="1" methods="26" coveredmethods="26" conditionals="0" coveredconditionals="0" statements="175" coveredstatements="175" elements="201" coveredelements="201"/>
      </file>
      <file name="/home/pem/dev/stud-cli/src/Handler/CacheClearHandler.php">
        <class name="App\Handler\CacheClearHandler" namespace="App\Handler">
          <metrics complexity="5" methods="3" coveredmethods="3" conditionals="0" coveredconditionals="0" statements="14" coveredstatements="14" elements="17" coveredelements="17"/>
        </class>
        <line num="16" type="method" name="__construct" visibility="public" complexity="1" crap="1" count="3"/>
        <line num="21" type="stmt" count="3"/>
        <line num="23" type="method" name="handle" visibility="public" complexity="3" crap="3" count="3"/>
        <line num="25" type="stmt" count="3"/>
        <line num="27" type="stmt" count="3"/>
        <line num="29" type="stmt" count="3"/>
        <line num="30" type="stmt" count="1"/>
        <line num="32" type="stmt" count="1"/>
        <line num="36" type="stmt" count="2"/>
        <line num="37" type="stmt" count="1"/>
        <line num="39" type="stmt" count="1"/>
        <line num="40" type="stmt" count="1"/>
        <line num="41" type="stmt" count="1"/>
        <line num="43" type="stmt" count="1"/>
        <line num="47" type="method" name="getCachePath" visibility="protected" complexity="1" crap="1" count="3"/>
        <line num="49" type="stmt" count="3"/>
        <line num="51" type="stmt" count="3"/>
        <metrics loc="54" ncloc="54" classes="1" methods="3" coveredmethods="3" conditionals="0" coveredconditionals="0" statements="14" coveredstatements="14" elements="17" coveredelements="17"/>
      </file>
      <file name="/home/pem/dev/stud-cli/src/Handler/CommitHandler.php">
        <class name="App\Handler\CommitHandler" namespace="App\Handler">
          <metrics complexity="27" methods="4" coveredmethods="4" conditionals="0" coveredconditionals="0" statements="89" coveredstatements="89" elements="93" coveredelements="93"/>
        </class>
        <line num="16" type="method" name="__construct" visibility="public" complexity="1" crap="1" count="20"/>
        <line num="23" type="stmt" count="20"/>
        <line num="25" type="method" name="handle" visibility="public" complexity="20" crap="20" count="19"/>
        <line num="27" type="stmt" count="19"/>
        <line num="30" type="stmt" count="19"/>
        <line num="31" type="stmt" count="19"/>
        <line num="32" type="stmt" count="2"/>
        <line num="34" type="stmt" count="2"/>
        <line num="38" type="stmt" count="17"/>
        <line num="39" type="stmt" count="3"/>
        <line num="40" type="stmt" count="1"/>
        <line num="41" type="stmt" count="1"/>
        <line num="42" type="stmt" count="2"/>
        <line num="43" type="stmt" count="1"/>
        <line num="45" type="stmt" count="1"/>
        <line num="48" type="stmt" count="2"/>
        <line num="49" type="stmt" count="2"/>
        <line num="51" type="stmt" count="2"/>
        <line num="53" type="stmt" count="2"/>
        <line num="57" type="stmt" count="14"/>
        <line num="58" type="stmt" count="14"/>
        <line num="59" type="stmt" count="14"/>
        <line num="60" type="stmt" count="14"/>
        <line num="61" type="stmt" count="14"/>
        <line num="62" type="stmt" count="3"/>
        <line num="67" type="stmt" count="14"/>
        <line num="68" type="stmt" count="3"/>
        <line num="69" type="stmt" count="1"/>
        <line num="70" type="stmt" count="1"/>
        <line num="71" type="stmt" count="2"/>
        <line num="72" type="stmt" count="1"/>
        <line num="74" type="stmt" count="1"/>
        <line num="77" type="stmt" count="2"/>
        <line num="78" type="stmt" count="2"/>
        <line num="80" type="stmt" count="2"/>
        <line num="82" type="stmt" count="2"/>
        <line num="86" type="stmt" count="11"/>
        <line num="88" type="stmt" count="11"/>
        <line num="89" type="stmt" count="11"/>
        <line num="90" type="stmt" count="1"/>
        <line num="92" type="stmt" count="1"/>
        <line num="96" type="stmt" count="10"/>
        <line num="98" type="stmt" count="10"/>
        <line num="99" type="stmt" count="2"/>
        <line num="100" type="stmt" count="1"/>
        <line num="101" type="stmt" count="1"/>
        <line num="102" type="stmt" count="1"/>
        <line num="103" type="stmt" count="1"/>
        <line num="104" type="stmt" count="1"/>
        <line num="106" type="stmt" count="1"/>
        <line num="107" type="stmt" count="1"/>
        <line num="108" type="stmt" count="1"/>
        <line num="110" type="stmt" count="1"/>
        <line num="113" type="stmt" count="8"/>
        <line num="114" type="stmt" count="8"/>
        <line num="116" type="stmt" count="8"/>
        <line num="117" type="stmt" count="8"/>
        <line num="118" type="stmt" count="8"/>
        <line num="119" type="stmt" count="8"/>
        <line num="120" type="stmt" count="6"/>
        <line num="124" type="stmt" count="8"/>
        <line num="125" type="stmt" count="8"/>
        <line num="126" type="stmt" count="1"/>
        <line num="127" type="stmt" count="1"/>
        <line num="128" type="stmt" count="1"/>
        <line num="130" type="stmt" count="7"/>
        <line num="131" type="stmt" count="7"/>
        <line num="132" type="stmt" count="5"/>
        <line num="134" type="stmt" count="7"/>
        <line num="135" type="stmt" count="7"/>
        <line num="136" type="stmt" count="7"/>
        <line num="141" type="stmt" count="8"/>
        <line num="143" type="stmt" count="8"/>
        <line num="145" type="stmt" count="8"/>
        <line num="146" type="stmt" count="1"/>
        <line num="147" type="stmt" count="1"/>
        <line num="148" type="stmt" count="7"/>
        <line num="149" type="stmt" count="1"/>
        <line num="151" type="stmt" count="1"/>
        <line num="154" type="stmt" count="7"/>
        <line num="155" type="stmt" count="7"/>
        <line num="157" type="stmt" count="7"/>
        <line num="159" type="stmt" count="7"/>
        <line num="162" type="method" name="getCommitTypeFromIssueType" visibility="protected" complexity="5" crap="5" count="9"/>
        <line num="164" type="stmt" count="9"/>
        <line num="165" type="stmt" count="1"/>
        <line num="166" type="stmt" count="8"/>
        <line num="167" type="stmt" count="1"/>
        <line num="168" type="stmt" count="9"/>
        <line num="169" type="stmt" count="9"/>
        <line num="172" type="method" name="hasStagedChanges" visibility="protected" complexity="1" crap="1" count="11"/>
        <line num="174" type="stmt" count="11"/>
        <line num="178" type="stmt" count="11"/>
        <metrics loc="181" ncloc="170" classes="1" methods="4" coveredmethods="4" conditionals="0" coveredconditionals="0" statements="89" coveredstatements="89" elements="93" coveredelements="93"/>
      </file>
      <file name="/home/pem/dev/stud-cli/src/Handler/CommitUndoHandler.php">
        <class name="App\Handler\CommitUndoHandler" namespace="App\Handler">
          <metrics complexity="7" methods="2" coveredmethods="2" conditionals="0" coveredconditionals="0" statements="32" coveredstatements="32" elements="34" coveredelements="34"/>
        </class>
        <line num="14" type="method" name="__construct" visibility="public" complexity="1" crap="1" count="5"/>
        <line num="19" type="stmt" count="5"/>
        <line num="21" type="method" name="handle" visibility="public" complexity="6" crap="6" count="5"/>
        <line num="24" type="stmt" count="5"/>
        <line num="25" type="stmt" count="1"/>
        <line num="26" type="stmt" count="1"/>
        <line num="27" type="stmt" count="1"/>
        <line num="28" type="stmt" count="1"/>
        <line num="29" type="stmt" count="1"/>
        <line num="31" type="stmt" count="1"/>
        <line num="34" type="stmt" count="4"/>
        <line num="35" type="stmt" count="1"/>
        <line num="36" type="stmt" count="1"/>
        <line num="37" type="stmt" count="1"/>
        <line num="38" type="stmt" count="1"/>
        <line num="40" type="stmt" count="1"/>
        <line num="43" type="stmt" count="3"/>
        <line num="44" type="stmt" count="2"/>
        <line num="45" type="stmt" count="2"/>
        <line num="46" type="stmt" count="2"/>
        <line num="47" type="stmt" count="2"/>
        <line num="49" type="stmt" count="2"/>
        <line num="50" type="stmt" count="2"/>
        <line num="51" type="stmt" count="2"/>
        <line num="52" type="stmt" count="2"/>
        <line num="53" type="stmt" count="2"/>
        <line num="55" type="stmt" count="2"/>
        <line num="56" type="stmt" count="1"/>
        <line num="61" type="stmt" count="2"/>
        <line num="62" type="stmt" count="2"/>
        <line num="63" type="stmt" count="2"/>
        <line num="64" type="stmt" count="2"/>
        <line num="65" type="stmt" count="2"/>
        <line num="67" type="stmt" count="2"/>
        <metrics loc="70" ncloc="70" classes="1" methods="2" coveredmethods="2" conditionals="0" coveredconditionals="0" statements="32" coveredstatements="32" elements="34" coveredelements="34"/>
      </file>
      <file name="/home/pem/dev/stud-cli/src/Handler/ConfigShowHandler.php">
        <class name="App\Handler\ConfigShowHandler" namespace="App\Handler">
          <metrics complexity="10" methods="4" coveredmethods="4" conditionals="0" coveredconditionals="0" statements="17" coveredstatements="17" elements="21" coveredelements="21"/>
        </class>
        <line num="14" type="method" name="__construct" visibility="public" complexity="1" crap="1" count="6"/>
        <line num="19" type="stmt" count="6"/>
        <line num="21" type="method" name="handle" visibility="public" complexity="3" crap="3" count="6"/>
        <line num="23" type="stmt" count="6"/>
        <line num="24" type="stmt" count="1"/>
        <line num="27" type="stmt" count="5"/>
        <line num="28" type="stmt" count="5"/>
        <line num="30" type="stmt" count="5"/>
        <line num="31" type="stmt" count="5"/>
        <line num="33" type="stmt" count="5"/>
        <line num="39" type="method" name="loadGlobalConfig" visibility="protected" complexity="2" crap="2" count="5"/>
        <line num="42" type="stmt" count="5"/>
        <line num="43" type="stmt" count="1"/>
        <line num="44" type="stmt" count="1"/>
        <line num="51" type="method" name="loadProjectConfig" visibility="protected" complexity="4" crap="4" count="5"/>
        <line num="53" type="stmt" count="5"/>
        <line num="54" type="stmt" count="2"/>
        <line num="58" type="stmt" count="3"/>
        <line num="60" type="stmt" count="2"/>
        <line num="61" type="stmt" count="1"/>
        <line num="62" type="stmt" count="1"/>
        <metrics loc="66" ncloc="60" classes="1" methods="4" coveredmethods="4" conditionals="0" coveredconditionals="0" statements="17" coveredstatements="17" elements="21" coveredelements="21"/>
      </file>
      <file name="/home/pem/dev/stud-cli/src/Handler/ConfigValidateHandler.php">
        <class name="App\Handler\ConfigValidateHandler" namespace="App\Handler">
          <metrics complexity="12" methods="5" coveredmethods="5" conditionals="0" coveredconditionals="0" statements="35" coveredstatements="35" elements="40" coveredelements="40"/>
        </class>
        <line num="19" type="method" name="__construct" visibility="public" complexity="1" crap="1" count="9"/>
        <line num="25" type="stmt" count="9"/>
        <line num="27" type="method" name="handle" visibility="public" complexity="1" crap="1" count="9"/>
        <line num="29" type="stmt" count="9"/>
        <line num="30" type="stmt" count="9"/>
        <line num="32" type="stmt" count="9"/>
        <line num="33" type="stmt" count="9"/>
        <line num="34" type="stmt" count="9"/>
        <line num="35" type="stmt" count="9"/>
        <line num="36" type="stmt" count="9"/>
        <line num="37" type="stmt" count="9"/>
        <line num="43" type="method" name="resolveJiraStatus" visibility="protected" complexity="4" crap="4" count="9"/>
        <line num="45" type="stmt" count="9"/>
        <line num="46" type="stmt" count="2"/>
        <line num="49" type="stmt" count="7"/>
        <line num="50" type="stmt" count="1"/>
        <line num="54" type="stmt" count="6"/>
        <line num="56" type="stmt" count="4"/>
        <line num="57" type="stmt" count="2"/>
        <line num="58" type="stmt" count="2"/>
        <line num="59" type="stmt" count="2"/>
        <line num="60" type="stmt" count="2"/>
        <line num="61" type="stmt" count="2"/>
        <line num="68" type="method" name="resolveGitStatus" visibility="protected" complexity="4" crap="4" count="9"/>
        <line num="70" type="stmt" count="9"/>
        <line num="71" type="stmt" count="2"/>
        <line num="74" type="stmt" count="7"/>
        <line num="75" type="stmt" count="1"/>
        <line num="79" type="stmt" count="6"/>
        <line num="81" type="stmt" count="5"/>
        <line num="82" type="stmt" count="1"/>
        <line num="83" type="stmt" count="1"/>
        <line num="84" type="stmt" count="1"/>
        <line num="85" type="stmt" count="1"/>
        <line num="86" type="stmt" count="1"/>
        <line num="90" type="method" name="shortReason" visibility="protected" complexity="2" crap="2" count="3"/>
        <line num="92" type="stmt" count="3"/>
        <line num="94" type="stmt" count="3"/>
        <line num="95" type="stmt" count="2"/>
        <line num="98" type="stmt" count="1"/>
        <metrics loc="101" ncloc="91" classes="1" methods="5" coveredmethods="5" conditionals="0" coveredconditionals="0" statements="35" coveredstatements="35" elements="40" coveredelements="40"/>
      </file>
      <file name="/home/pem/dev/stud-cli/src/Handler/DeployHandler.php">
        <class name="App\Handler\DeployHandler" namespace="App\Handler">
          <metrics complexity="8" methods="2" coveredmethods="2" conditionals="0" coveredconditionals="0" statements="33" coveredstatements="33" elements="35" coveredelements="35"/>
        </class>
        <line num="14" type="method" name="__construct" visibility="public" complexity="1" crap="1" count="8"/>
        <line num="20" type="stmt" count="8"/>
        <line num="22" type="method" name="handle" visibility="public" complexity="7" crap="7" count="8"/>
        <line num="24" type="stmt" count="8"/>
        <line num="26" type="stmt" count="8"/>
        <line num="27" type="stmt" count="8"/>
        <line num="28" type="stmt" count="1"/>
        <line num="30" type="stmt" count="1"/>
        <line num="33" type="stmt" count="7"/>
        <line num="36" type="stmt" count="7"/>
        <line num="37" type="stmt" count="7"/>
        <line num="38" type="stmt" count="7"/>
        <line num="39" type="stmt" count="7"/>
        <line num="40" type="stmt" count="7"/>
        <line num="41" type="stmt" count="7"/>
        <line num="44" type="stmt" count="7"/>
        <line num="45" type="stmt" count="7"/>
        <line num="46" type="stmt" count="7"/>
        <line num="47" type="stmt" count="7"/>
        <line num="48" type="stmt" count="7"/>
        <line num="49" type="stmt" count="7"/>
        <line num="52" type="stmt" count="7"/>
        <line num="53" type="stmt" count="5"/>
        <line num="56" type="stmt" count="5"/>
        <line num="57" type="stmt" count="3"/>
        <line num="59" type="stmt" count="3"/>
        <line num="61" type="stmt" count="2"/>
        <line num="62" type="stmt" count="1"/>
        <line num="63" type="stmt" count="1"/>
        <line num="65" type="stmt" count="1"/>
        <line num="69" type="stmt" count="1"/>
        <line num="73" type="stmt" count="7"/>
        <line num="74" type="stmt" count="3"/>
        <line num="76" type="stmt" count="7"/>
        <line num="78" type="stmt" count="7"/>
        <metrics loc="81" ncloc="75" classes="1" methods="2" coveredmethods="2" conditionals="0" coveredconditionals="0" statements="33" coveredstatements="33" elements="35" coveredelements="35"/>
      </file>
      <file name="/home/pem/dev/stud-cli/src/Handler/FilterListHandler.php">
        <class name="App\Handler\FilterListHandler" namespace="App\Handler">
          <metrics complexity="4" methods="3" coveredmethods="3" conditionals="0" coveredconditionals="0" statements="9" coveredstatements="9" elements="12" coveredelements="12"/>
        </class>
        <line num="14" type="method" name="__construct" visibility="public" complexity="1" crap="1" count="5"/>
        <line num="18" type="stmt" count="5"/>
        <line num="20" type="method" name="handle" visibility="public" complexity="2" crap="2" count="5"/>
        <line num="23" type="stmt" count="5"/>
        <line num="24" type="stmt" count="1"/>
        <line num="25" type="stmt" count="1"/>
        <line num="26" type="stmt" count="1"/>
        <line num="27" type="stmt" count="1"/>
        <line num="30" type="stmt" count="4"/>
        <line num="32" type="stmt" count="4"/>
        <line num="38" type="method" name="sortFiltersByName" visibility="protected" complexity="1" crap="1" count="4"/>
        <line num="40" type="stmt" count="4"/>
        <metrics loc="43" ncloc="40" classes="1" methods="3" coveredmethods="3" conditionals="0" coveredconditionals="0" statements="9" coveredstatements="9" elements="12" coveredelements="12"/>
      </file>
      <file name="/home/pem/dev/stud-cli/src/Handler/FilterShowHandler.php">
        <class name="App\Handler\FilterShowHandler" namespace="App\Handler">
          <metrics complexity="3" methods="2" coveredmethods="2" conditionals="0" coveredconditionals="0" statements="6" coveredstatements="6" elements="8" coveredelements="8"/>
        </class>
        <line num="12" type="method" name="__construct" visibility="public" complexity="1" crap="1" count="3"/>
        <line num="15" type="stmt" count="3"/>
        <line num="17" type="method" name="handle" visibility="public" complexity="2" crap="2" count="3"/>
        <line num="19" type="stmt" count="3"/>
        <line num="22" type="stmt" count="3"/>
        <line num="24" type="stmt" count="2"/>
        <line num="25" type="stmt" count="1"/>
        <line num="26" type="stmt" count="1"/>
        <metrics loc="30" ncloc="30" classes="1" methods="2" coveredmethods="2" conditionals="0" coveredconditionals="0" statements="6" coveredstatements="6" elements="8" coveredelements="8"/>
      </file>
      <file name="/home/pem/dev/stud-cli/src/Handler/FlattenHandler.php">
        <class name="App\Handler\FlattenHandler" namespace="App\Handler">
          <metrics complexity="6" methods="2" coveredmethods="2" conditionals="0" coveredconditionals="0" statements="25" coveredstatements="25" elements="27" coveredelements="27"/>
        </class>
        <line num="15" type="method" name="__construct" visibility="public" complexity="1" crap="1" count="5"/>
        <line num="21" type="stmt" count="5"/>
        <line num="23" type="method" name="handle" visibility="public" complexity="5" crap="5" count="5"/>
        <line num="25" type="stmt" count="5"/>
        <line num="28" type="stmt" count="5"/>
        <line num="29" type="stmt" count="5"/>
        <line num="30" type="stmt" count="1"/>
        <line num="32" type="stmt" count="1"/>
        <line num="36" type="stmt" count="4"/>
        <line num="37" type="stmt" count="4"/>
        <line num="39" type="stmt" count="4"/>
        <line num="40" type="stmt" count="1"/>
        <line num="42" type="stmt" count="1"/>
        <line num="46" type="stmt" count="3"/>
        <line num="50" type="stmt" count="3"/>
        <line num="51" type="stmt" count="1"/>
        <line num="53" type="stmt" count="1"/>
        <line num="54" type="stmt" count="2"/>
        <line num="55" type="stmt" count="1"/>
        <line num="56" type="stmt" count="1"/>
        <line num="57" type="stmt" count="1"/>
        <line num="58" type="stmt" count="1"/>
        <line num="59" type="stmt" count="1"/>
        <line num="61" type="stmt" count="1"/>
        <line num="62" type="stmt" count="1"/>
        <line num="63" type="stmt" count="1"/>
        <line num="65" type="stmt" count="1"/>
        <metrics loc="69" ncloc="65" classes="1" methods="2" coveredmethods="2" conditionals="0" coveredconditionals="0" statements="25" coveredstatements="25" elements="27" coveredelements="27"/>
      </file>
      <file name="/home/pem/dev/stud-cli/src/Handler/InitHandler.php">
        <class name="App\Handler\InitHandler" namespace="App\Handler">
          <metrics complexity="44" methods="8" coveredmethods="8" conditionals="0" coveredconditionals="0" statements="136" coveredstatements="136" elements="144" coveredelements="144"/>
        </class>
        <line num="16" type="method" name="__construct" visibility="public" complexity="1" crap="1" count="32"/>
        <line num="22" type="stmt" count="32"/>
        <line num="24" type="method" name="handle" visibility="public" complexity="8" crap="8" count="16"/>
        <line num="26" type="stmt" count="16"/>
        <line num="28" type="stmt" count="16"/>
        <line num="29" type="stmt" count="16"/>
        <line num="32" type="stmt" count="16"/>
        <line num="33" type="stmt" count="16"/>
        <line num="34" type="stmt" count="16"/>
        <line num="37" type="stmt" count="16"/>
        <line num="38" type="stmt" count="16"/>
        <line num="39" type="stmt" count="16"/>
        <line num="40" type="stmt" count="16"/>
        <line num="41" type="stmt" count="16"/>
        <line num="42" type="stmt" count="16"/>
        <line num="46" type="stmt" count="16"/>
        <line num="48" type="stmt" count="16"/>
        <line num="49" type="stmt" count="16"/>
        <line num="50" type="stmt" count="16"/>
        <line num="51" type="stmt" count="16"/>
        <line num="52" type="stmt" count="16"/>
        <line num="55" type="stmt" count="16"/>
        <line num="58" type="stmt" count="16"/>
        <line num="59" type="stmt" count="16"/>
        <line num="60" type="stmt" count="16"/>
        <line num="61" type="stmt" count="16"/>
        <line num="62" type="stmt" count="16"/>
        <line num="65" type="stmt" count="16"/>
        <line num="66" type="stmt" count="16"/>
        <line num="67" type="stmt" count="16"/>
        <line num="68" type="stmt" count="16"/>
        <line num="69" type="stmt" count="16"/>
        <line num="70" type="stmt" count="16"/>
        <line num="71" type="stmt" count="16"/>
        <line num="72" type="stmt" count="16"/>
        <line num="75" type="stmt" count="16"/>
        <line num="76" type="stmt" count="16"/>
        <line num="77" type="stmt" count="16"/>
        <line num="78" type="stmt" count="16"/>
        <line num="79" type="stmt" count="16"/>
        <line num="80" type="stmt" count="16"/>
        <line num="82" type="stmt" count="16"/>
        <line num="83" type="stmt" count="16"/>
        <line num="84" type="stmt" count="16"/>
        <line num="85" type="stmt" count="16"/>
        <line num="86" type="stmt" count="16"/>
        <line num="87" type="stmt" count="16"/>
        <line num="88" type="stmt" count="16"/>
        <line num="89" type="stmt" count="16"/>
        <line num="90" type="stmt" count="16"/>
        <line num="91" type="stmt" count="16"/>
        <line num="92" type="stmt" count="16"/>
        <line num="93" type="stmt" count="16"/>
        <line num="94" type="stmt" count="16"/>
        <line num="95" type="stmt" count="16"/>
        <line num="96" type="stmt" count="16"/>
        <line num="97" type="stmt" count="16"/>
        <line num="98" type="stmt" count="16"/>
        <line num="101" type="stmt" count="16"/>
        <line num="103" type="stmt" count="1"/>
        <line num="105" type="stmt" count="15"/>
        <line num="106" type="stmt" count="15"/>
        <line num="107" type="stmt" count="15"/>
        <line num="108" type="stmt" count="15"/>
        <line num="109" type="stmt" count="8"/>
        <line num="113" type="stmt" count="16"/>
        <line num="114" type="stmt" count="16"/>
        <line num="116" type="stmt" count="2"/>
        <line num="117" type="stmt" count="1"/>
        <line num="118" type="stmt" count="1"/>
        <line num="123" type="stmt" count="15"/>
        <line num="125" type="stmt" count="15"/>
        <line num="126" type="stmt" count="15"/>
        <line num="129" type="stmt" count="15"/>
        <line num="138" type="method" name="getLatestMigrationId" visibility="protected" complexity="5" crap="5" count="16"/>
        <line num="140" type="stmt" count="16"/>
        <line num="141" type="stmt" count="8"/>
        <line num="144" type="stmt" count="8"/>
        <line num="145" type="stmt" count="8"/>
        <line num="146" type="stmt" count="8"/>
        <line num="147" type="stmt" count="8"/>
        <line num="148" type="stmt" count="8"/>
        <line num="152" type="stmt" count="8"/>
        <line num="155" type="method" name="promptForCompletion" visibility="protected" complexity="5" crap="5" count="15"/>
        <line num="157" type="stmt" count="15"/>
        <line num="158" type="stmt" count="15"/>
        <line num="159" type="stmt" count="1"/>
        <line num="162" type="stmt" count="14"/>
        <line num="164" type="stmt" count="14"/>
        <line num="165" type="stmt" count="14"/>
        <line num="166" type="stmt" count="14"/>
        <line num="167" type="stmt" count="14"/>
        <line num="168" type="stmt" count="14"/>
        <line num="169" type="stmt" count="14"/>
        <line num="170" type="stmt" count="14"/>
        <line num="171" type="stmt" count="14"/>
        <line num="173" type="stmt" count="14"/>
        <line num="174" type="stmt" count="2"/>
        <line num="175" type="stmt" count="1"/>
        <line num="176" type="stmt" count="1"/>
        <line num="178" type="stmt" count="2"/>
        <line num="180" type="stmt" count="2"/>
        <line num="181" type="stmt" count="2"/>
        <line num="182" type="stmt" count="2"/>
        <line num="184" type="stmt" count="12"/>
        <line num="188" type="method" name="detectShell" visibility="protected" complexity="5" crap="5" count="16"/>
        <line num="190" type="stmt" count="16"/>
        <line num="191" type="stmt" count="16"/>
        <line num="192" type="stmt" count="1"/>
        <line num="195" type="stmt" count="16"/>
        <line num="197" type="stmt" count="16"/>
        <line num="198" type="stmt" count="3"/>
        <line num="199" type="stmt" count="13"/>
        <line num="200" type="stmt" count="16"/>
        <line num="201" type="stmt" count="16"/>
        <line num="211" type="method" name="detectSystemLocale" visibility="protected" complexity="5" crap="5" count="20"/>
        <line num="214" type="stmt" count="20"/>
        <line num="217" type="stmt" count="20"/>
        <line num="218" type="stmt" count="20"/>
        <line num="219" type="stmt" count="1"/>
        <line num="224" type="stmt" count="19"/>
        <line num="225" type="stmt" count="19"/>
        <line num="226" type="stmt" count="19"/>
        <line num="227" type="stmt" count="19"/>
        <line num="230" type="stmt" count="19"/>
        <line num="231" type="stmt" count="4"/>
        <line num="235" type="stmt" count="15"/>
        <line num="247" type="method" name="resolveGitTokenForInit" visibility="protected" complexity="14" crap="14" count="23"/>
        <line num="249" type="stmt" count="23"/>
        <line num="250" type="stmt" count="15"/>
        <line num="253" type="stmt" count="16"/>
        <line num="254" type="stmt" count="16"/>
        <line num="255" type="stmt" count="3"/>
        <line num="258" type="stmt" count="13"/>
        <line num="259" type="stmt" count="13"/>
        <line num="260" type="stmt" count="8"/>
        <line num="263" type="stmt" count="5"/>
        <line num="264" type="stmt" count="4"/>
        <line num="265" type="stmt" count="1"/>
        <line num="267" type="stmt" count="5"/>
        <line num="268" type="stmt" count="4"/>
        <line num="271" type="stmt" count="2"/>
        <line num="284" type="method" name="filterEmptyStrings" visibility="private" complexity="1" crap="1" count="16"/>
        <line num="286" type="stmt" count="16"/>
        <metrics loc="289" ncloc="239" classes="1" methods="8" coveredmethods="8" conditionals="0" coveredconditionals="0" statements="136" coveredstatements="136" elements="144" coveredelements="144"/>
      </file>
      <file name="/home/pem/dev/stud-cli/src/Handler/ItemCreateHandler.php">
        <class name="App\Handler\ItemCreateHandler" namespace="App\Handler">
          <metrics complexity="53" methods="8" coveredmethods="7" conditionals="0" coveredconditionals="0" statements="83" coveredstatements="80" elements="91" coveredelements="87"/>
        </class>
        <line num="18" type="method" name="__construct" visibility="public" complexity="1" crap="1" count="13"/>
        <line num="23" type="stmt" count="13"/>
        <line num="25" type="method" name="handle" visibility="public" complexity="15" crap="15" count="13"/>
        <line num="33" type="stmt" count="13"/>
        <line num="34" type="stmt" count="13"/>
        <line num="35" type="stmt" count="1"/>
        <line num="38" type="stmt" count="12"/>
        <line num="40" type="stmt" count="12"/>
        <line num="41" type="stmt" count="12"/>
        <line num="42" type="stmt" count="1"/>
        <line num="45" type="stmt" count="11"/>
        <line num="47" type="stmt" count="11"/>
        <line num="48" type="stmt" count="11"/>
        <line num="49" type="stmt" count="2"/>
        <line num="52" type="stmt" count="9"/>
        <line num="53" type="stmt" count="9"/>
        <line num="54" type="stmt" count="1"/>
        <line num="57" type="stmt" count="8"/>
        <line num="59" type="stmt" count="8"/>
        <line num="60" type="stmt" count="8"/>
        <line num="61" type="stmt" count="8"/>
        <line num="62" type="stmt" count="8"/>
        <line num="63" type="stmt" count="8"/>
        <line num="64" type="stmt" count="8"/>
        <line num="65" type="stmt" count="1"/>
        <line num="68" type="stmt" count="8"/>
        <line num="69" type="stmt" count="2"/>
        <line num="70" type="stmt" count="2"/>
        <line num="71" type="stmt" count="1"/>
        <line num="73" type="stmt" count="1"/>
        <line num="74" type="stmt" count="1"/>
        <line num="79" type="stmt" count="7"/>
        <line num="81" type="stmt" count="5"/>
        <line num="82" type="stmt" count="2"/>
        <line num="83" type="stmt" count="1"/>
        <line num="84" type="stmt" count="1"/>
        <line num="86" type="stmt" count="1"/>
        <line num="90" type="method" name="resolveProject" visibility="protected" complexity="7" crap="7" count="13"/>
        <line num="92" type="stmt" count="13"/>
        <line num="93" type="stmt" count="9"/>
        <line num="95" type="stmt" count="4"/>
        <line num="97" type="stmt" count="4"/>
        <line num="98" type="stmt" count="4"/>
        <line num="99" type="stmt" count="2"/>
        <line num="101" type="stmt" count="2"/>
        <line num="102" type="stmt" count="1"/>
        <line num="105" type="stmt" count="1"/>
        <line num="108" type="method" name="resolveSummary" visibility="protected" complexity="4" crap="4" count="12"/>
        <line num="110" type="stmt" count="12"/>
        <line num="111" type="stmt" count="10"/>
        <line num="113" type="stmt" count="2"/>
        <line num="114" type="stmt" count="1"/>
        <line num="117" type="stmt" count="1"/>
        <line num="123" type="method" name="getDescription" visibility="protected" complexity="4" crap="4" count="11"/>
        <line num="125" type="stmt" count="11"/>
        <line num="126" type="stmt" count="11"/>
        <line num="132" type="stmt" count="11"/>
        <line num="133" type="stmt" count="1"/>
        <line num="136" type="stmt" count="10"/>
        <line num="176" type="method" name="resolveIssueTypeId" visibility="protected" complexity="4" crap="4" count="11"/>
        <line num="179" type="stmt" count="11"/>
        <line num="180" type="stmt" count="1"/>
        <line num="181" type="stmt" count="1"/>
        <line num="183" type="stmt" count="10"/>
        <line num="184" type="stmt" count="10"/>
        <line num="185" type="stmt" count="10"/>
        <line num="186" type="stmt" count="9"/>
        <line num="190" type="stmt" count="1"/>
        <line num="196" type="method" name="getRequiredFieldIds" visibility="protected" complexity="4" crap="4" count="9"/>
        <line num="199" type="stmt" count="9"/>
        <line num="200" type="stmt" count="1"/>
        <line num="201" type="stmt" count="1"/>
        <line num="203" type="stmt" count="8"/>
        <line num="204" type="stmt" count="8"/>
        <line num="205" type="stmt" count="8"/>
        <line num="206" type="stmt" count="8"/>
        <line num="210" type="stmt" count="8"/>
        <line num="220" type="method" name="promptForExtraRequiredFields" visibility="protected" complexity="6" crap="6.44" count="2"/>
        <line num="227" type="stmt" count="2"/>
        <line num="228" type="stmt" count="1"/>
        <line num="231" type="stmt" count="1"/>
        <line num="232" type="stmt" count="0"/>
        <line num="233" type="stmt" count="0"/>
        <line num="235" type="stmt" count="1"/>
        <line num="236" type="stmt" count="1"/>
        <line num="237" type="stmt" count="1"/>
        <line num="238" type="stmt" count="1"/>
        <line num="239" type="stmt" count="1"/>
        <line num="240" type="stmt" count="0"/>
        <line num="242" type="stmt" count="1"/>
        <line num="245" type="stmt" count="1"/>
        <metrics loc="248" ncloc="218" classes="1" methods="8" coveredmethods="7" conditionals="0" coveredconditionals="0" statements="83" coveredstatements="80" elements="91" coveredelements="87"/>
      </file>
      <file name="/home/pem/dev/stud-cli/src/Handler/ItemListHandler.php">
        <class name="App\Handler\ItemListHandler" namespace="App\Handler">
          <metrics complexity="9" methods="3" coveredmethods="3" conditionals="0" coveredconditionals="0" statements="20" coveredstatements="20" elements="23" coveredelements="23"/>
        </class>
        <line num="12" type="method" name="__construct" visibility="public" complexity="1" crap="1" count="7"/>
        <line num="15" type="stmt" count="7"/>
        <line num="17" type="method" name="handle" visibility="public" complexity="5" crap="5" count="7"/>
        <line num="19" type="stmt" count="7"/>
        <line num="20" type="stmt" count="7"/>
        <line num="21" type="stmt" count="6"/>
        <line num="23" type="stmt" count="7"/>
        <line num="24" type="stmt" count="7"/>
        <line num="25" type="stmt" count="1"/>
        <line num="28" type="stmt" count="7"/>
        <line num="31" type="stmt" count="7"/>
        <line num="33" type="stmt" count="6"/>
        <line num="34" type="stmt" count="2"/>
        <line num="37" type="stmt" count="6"/>
        <line num="38" type="stmt" count="1"/>
        <line num="39" type="stmt" count="1"/>
        <line num="49" type="method" name="sortIssues" visibility="protected" complexity="3" crap="3" count="2"/>
        <line num="51" type="stmt" count="2"/>
        <line num="52" type="stmt" count="2"/>
        <line num="53" type="stmt" count="1"/>
        <line num="54" type="stmt" count="1"/>
        <line num="55" type="stmt" count="1"/>
        <line num="58" type="stmt" count="2"/>
        <metrics loc="61" ncloc="55" classes="1" methods="3" coveredmethods="3" conditionals="0" coveredconditionals="0" statements="20" coveredstatements="20" elements="23" coveredelements="23"/>
      </file>
      <file name="/home/pem/dev/stud-cli/src/Handler/ItemShowHandler.php">
        <class name="App\Handler\ItemShowHandler" namespace="App\Handler">
          <metrics complexity="3" methods="2" coveredmethods="2" conditionals="0" coveredconditionals="0" statements="6" coveredstatements="6" elements="8" coveredelements="8"/>
        </class>
        <line num="12" type="method" name="__construct" visibility="public" complexity="1" crap="1" count="3"/>
        <line num="15" type="stmt" count="3"/>
        <line num="17" type="method" name="handle" visibility="public" complexity="2" crap="2" count="3"/>
        <line num="19" type="stmt" count="3"/>
        <line num="22" type="stmt" count="3"/>
        <line num="24" type="stmt" count="2"/>
        <line num="25" type="stmt" count="1"/>
        <line num="26" type="stmt" count="1"/>
        <metrics loc="30" ncloc="30" classes="1" methods="2" coveredmethods="2" conditionals="0" coveredconditionals="0" statements="6" coveredstatements="6" elements="8" coveredelements="8"/>
      </file>
      <file name="/home/pem/dev/stud-cli/src/Handler/ItemStartHandler.php">
        <class name="App\Handler\ItemStartHandler" namespace="App\Handler">
          <metrics complexity="34" methods="6" coveredmethods="6" conditionals="0" coveredconditionals="0" statements="114" coveredstatements="114" elements="120" coveredelements="120"/>
        </class>
        <line num="20" type="method" name="__construct" visibility="public" complexity="1" crap="1" count="28"/>
        <line num="28" type="stmt" count="28"/>
        <line num="30" type="method" name="handle" visibility="public" complexity="4" crap="4" count="26"/>
        <line num="32" type="stmt" count="26"/>
        <line num="33" type="stmt" count="26"/>
        <line num="35" type="stmt" count="26"/>
        <line num="38" type="stmt" count="26"/>
        <line num="39" type="stmt" count="2"/>
        <line num="40" type="stmt" count="1"/>
        <line num="41" type="stmt" count="1"/>
        <line num="42" type="stmt" count="1"/>
        <line num="43" type="stmt" count="1"/>
        <line num="44" type="stmt" count="1"/>
        <line num="46" type="stmt" count="1"/>
        <line num="47" type="stmt" count="1"/>
        <line num="48" type="stmt" count="1"/>
        <line num="50" type="stmt" count="1"/>
        <line num="54" type="stmt" count="24"/>
        <line num="55" type="stmt" count="17"/>
        <line num="60" type="stmt" count="24"/>
        <line num="62" type="stmt" count="24"/>
        <line num="63" type="stmt" count="24"/>
        <line num="64" type="stmt" count="24"/>
        <line num="66" type="stmt" count="24"/>
        <line num="68" type="stmt" count="24"/>
        <line num="69" type="stmt" count="24"/>
        <line num="72" type="stmt" count="24"/>
        <line num="73" type="stmt" count="24"/>
        <line num="75" type="stmt" count="24"/>
        <line num="77" type="stmt" count="24"/>
        <line num="80" type="method" name="handleTransition" visibility="protected" complexity="16" crap="16" count="18"/>
        <line num="84" type="stmt" count="18"/>
        <line num="85" type="stmt" count="18"/>
        <line num="86" type="stmt" count="3"/>
        <line num="87" type="stmt" count="1"/>
        <line num="88" type="stmt" count="1"/>
        <line num="90" type="stmt" count="2"/>
        <line num="91" type="stmt" count="2"/>
        <line num="96" type="stmt" count="18"/>
        <line num="97" type="stmt" count="18"/>
        <line num="98" type="stmt" count="18"/>
        <line num="100" type="stmt" count="18"/>
        <line num="101" type="stmt" count="8"/>
        <line num="104" type="stmt" count="18"/>
        <line num="107" type="stmt" count="18"/>
        <line num="109" type="stmt" count="10"/>
        <line num="111" type="stmt" count="8"/>
        <line num="112" type="stmt" count="1"/>
[...]
        </class>
        <line num="11" type="method" name="__construct" visibility="public" complexity="1" crap="1" count="92"/>
        <line num="14" type="stmt" count="92"/>
        <line num="26" type="method" name="replaceBinary" visibility="public" complexity="6" crap="6" count="22"/>
        <line num="28" type="stmt" count="22"/>
        <line num="29" type="stmt" count="1"/>
        <line num="30" type="stmt" count="1"/>
        <line num="32" type="stmt" count="1"/>
        <line num="36" type="stmt" count="21"/>
        <line num="60" type="stmt" count="21"/>
        <line num="61" type="stmt" count="21"/>
        <line num="65" type="stmt" count="21"/>
        <line num="89" type="method" name="getBinaryPath" visibility="public" complexity="6" crap="6" count="45"/>
        <line num="101" type="stmt" count="45"/>
        <line num="102" type="stmt" count="45"/>
        <line num="119" type="stmt" count="45"/>
        <line num="129" type="method" name="verifyHash" visibility="public" complexity="8" crap="8" count="30"/>
        <line num="132" type="stmt" count="30"/>
        <line num="135" type="stmt" count="30"/>
        <line num="136" type="stmt" count="30"/>
        <line num="137" type="stmt" count="1"/>
        <line num="139" type="stmt" count="1"/>
        <line num="143" type="stmt" count="29"/>
        <line num="145" type="stmt" count="26"/>
        <line num="146" type="stmt" count="26"/>
        <line num="147" type="stmt" count="23"/>
        <line num="150" type="stmt" count="3"/>
        <line num="153" type="stmt" count="26"/>
        <line num="154" type="stmt" count="21"/>
        <line num="156" type="stmt" count="21"/>
        <line num="161" type="stmt" count="8"/>
        <line num="162" type="stmt" count="3"/>
        <line num="163" type="stmt" count="5"/>
        <line num="164" type="stmt" count="5"/>
        <line num="165" type="stmt" count="5"/>
        <line num="166" type="stmt" count="5"/>
        <line num="168" type="stmt" count="8"/>
        <line num="170" type="stmt" count="8"/>
        <line num="171" type="stmt" count="1"/>
        <line num="174" type="stmt" count="7"/>
        <line num="175" type="stmt" count="7"/>
        <line num="176" type="stmt" count="7"/>
        <line num="177" type="stmt" count="7"/>
        <line num="179" type="stmt" count="7"/>
        <line num="181" type="stmt" count="5"/>
        <line num="185" type="stmt" count="2"/>
        <metrics loc="188" ncloc="132" classes="1" methods="4" coveredmethods="4" conditionals="0" coveredconditionals="0" statements="41" coveredstatements="41" elements="45" coveredelements="45"/>
      </file>
      <file name="/home/pem/dev/stud-cli/src/Service/VersionCheckService.php">
        <class name="App\Service\VersionCheckService" namespace="App\Service">
          <metrics complexity="22" methods="9" coveredmethods="9" conditionals="0" coveredconditionals="0" statements="59" coveredstatements="59" elements="68" coveredelements="68"/>
        </class>
        <line num="15" type="method" name="__construct" visibility="public" complexity="1" crap="1" count="27"/>
        <line num="23" type="stmt" count="27"/>
        <line num="32" type="method" name="checkForUpdate" visibility="public" complexity="5" crap="5" count="9"/>
        <line num="34" type="stmt" count="9"/>
        <line num="35" type="stmt" count="9"/>
        <line num="38" type="stmt" count="9"/>
        <line num="39" type="stmt" count="2"/>
        <line num="41" type="stmt" count="2"/>
        <line num="42" type="stmt" count="2"/>
        <line num="43" type="stmt" count="2"/>
        <line num="44" type="stmt" count="2"/>
        <line num="48" type="stmt" count="7"/>
        <line num="51" type="stmt" count="7"/>
        <line num="53" type="stmt" count="7"/>
        <line num="54" type="stmt" count="7"/>
        <line num="55" type="stmt" count="7"/>
        <line num="56" type="stmt" count="7"/>
        <line num="59" type="method" name="getCachePath" visibility="protected" complexity="3" crap="3" count="13"/>
        <line num="61" type="stmt" count="13"/>
        <line num="62" type="stmt" count="12"/>
        <line num="63" type="stmt" count="12"/>
        <line num="66" type="stmt" count="12"/>
        <line num="68" type="stmt" count="3"/>
        <line num="69" type="stmt" count="1"/>
        <line num="70" type="stmt" count="1"/>
        <line num="74" type="stmt" count="11"/>
        <line num="80" type="method" name="readCache" visibility="protected" complexity="5" crap="5" count="13"/>
        <line num="82" type="stmt" count="13"/>
        <line num="83" type="stmt" count="7"/>
        <line num="87" type="stmt" count="6"/>
        <line num="88" type="stmt" count="1"/>
        <line num="89" type="stmt" count="1"/>
        <line num="92" type="stmt" count="5"/>
        <line num="93" type="stmt" count="5"/>
        <line num="94" type="stmt" count="2"/>
        <line num="98" type="stmt" count="3"/>
        <line num="104" type="method" name="isCacheFresh" visibility="protected" complexity="1" crap="1" count="4"/>
        <line num="106" type="stmt" count="4"/>
        <line num="107" type="stmt" count="4"/>
        <line num="109" type="stmt" count="4"/>
        <line num="112" type="method" name="fetchLatestVersionFromGitHub" visibility="protected" complexity="2" crap="2" count="8"/>
        <line num="115" type="stmt" count="8"/>
        <line num="116" type="stmt" count="8"/>
        <line num="118" type="stmt" count="7"/>
        <line num="119" type="stmt" count="1"/>
        <line num="121" type="stmt" count="1"/>
        <line num="125" type="method" name="createGithubProvider" visibility="protected" complexity="2" crap="2" count="12"/>
        <line num="127" type="stmt" count="12"/>
        <line num="128" type="stmt" count="12"/>
        <line num="129" type="stmt" count="12"/>
        <line num="130" type="stmt" count="12"/>
        <line num="132" type="stmt" count="12"/>
        <line num="133" type="stmt" count="10"/>
        <line num="136" type="stmt" count="12"/>
        <line num="137" type="stmt" count="12"/>
        <line num="138" type="stmt" count="12"/>
        <line num="140" type="stmt" count="12"/>
        <line num="143" type="method" name="writeCache" visibility="protected" complexity="2" crap="2" count="9"/>
        <line num="145" type="stmt" count="9"/>
        <line num="146" type="stmt" count="9"/>
        <line num="147" type="stmt" count="9"/>
        <line num="148" type="stmt" count="9"/>
        <line num="150" type="stmt" count="9"/>
        <line num="158" type="stmt" count="9"/>
        <line num="161" type="method" name="isNewerVersion" visibility="protected" complexity="1" crap="1" count="8"/>
        <line num="163" type="stmt" count="8"/>
        <line num="164" type="stmt" count="8"/>
        <line num="166" type="stmt" count="8"/>
        <metrics loc="173" ncloc="146" classes="1" methods="9" coveredmethods="9" conditionals="0" coveredconditionals="0" statements="59" coveredstatements="59" elements="68" coveredelements="68"/>
      </file>
    </package>
    <file name="/home/pem/dev/stud-cli/src/Service/GitProviderInterface.php">
      <metrics loc="118" ncloc="36" classes="0" methods="0" coveredmethods="0" conditionals="0" coveredconditionals="0" statements="0" coveredstatements="0" elements="0" coveredelements="0"/>
    </file>
    <file name="/home/pem/dev/stud-cli/src/Service/HtmlConverterInterface.php">
      <metrics loc="18" ncloc="13" classes="0" methods="0" coveredmethods="0" conditionals="0" coveredconditionals="0" statements="0" coveredstatements="0" elements="0" coveredelements="0"/>
    </file>
    <package name="App\View">
      <file name="/home/pem/dev/stud-cli/src/View/Column.php">
        <class name="App\View\Column" namespace="App\View">
          <metrics complexity="1" methods="1" coveredmethods="1" conditionals="0" coveredconditionals="0" statements="1" coveredstatements="1" elements="2" coveredelements="2"/>
        </class>
        <line num="12" type="method" name="__construct" visibility="public" complexity="1" crap="1" count="50"/>
        <line num="18" type="stmt" count="50"/>
        <metrics loc="20" ncloc="17" classes="1" methods="1" coveredmethods="1" conditionals="0" coveredconditionals="0" statements="1" coveredstatements="1" elements="2" coveredelements="2"/>
      </file>
      <file name="/home/pem/dev/stud-cli/src/View/Content.php">
        <class name="App\View\Content" namespace="App\View">
          <metrics complexity="1" methods="1" coveredmethods="1" conditionals="0" coveredconditionals="0" statements="1" coveredstatements="1" elements="2" coveredelements="2"/>
        </class>
        <line num="12" type="method" name="__construct" visibility="public" complexity="1" crap="1" count="20"/>
        <line num="16" type="stmt" count="20"/>
        <metrics loc="18" ncloc="15" classes="1" methods="1" coveredmethods="1" conditionals="0" coveredconditionals="0" statements="1" coveredstatements="1" elements="2" coveredelements="2"/>
      </file>
      <file name="/home/pem/dev/stud-cli/src/View/DefinitionItem.php">
        <class name="App\View\DefinitionItem" namespace="App\View">
          <metrics complexity="1" methods="1" coveredmethods="1" conditionals="0" coveredconditionals="0" statements="1" coveredstatements="1" elements="2" coveredelements="2"/>
        </class>
        <line num="12" type="method" name="__construct" visibility="public" complexity="1" crap="1" count="29"/>
        <line num="16" type="stmt" count="29"/>
        <metrics loc="18" ncloc="15" classes="1" methods="1" coveredmethods="1" conditionals="0" coveredconditionals="0" statements="1" coveredstatements="1" elements="2" coveredelements="2"/>
      </file>
      <file name="/home/pem/dev/stud-cli/src/View/PageViewConfig.php">
        <class name="App\View\PageViewConfig" namespace="App\View">
          <metrics complexity="64" methods="15" coveredmethods="15" conditionals="0" coveredconditionals="0" statements="120" coveredstatements="120" elements="135" coveredelements="135"/>
        </class>
        <line num="16" type="method" name="__construct" visibility="public" complexity="1" crap="1" count="75"/>
        <line num="21" type="stmt" count="75"/>
        <line num="23" type="method" name="getType" visibility="public" complexity="1" crap="1" count="2"/>
        <line num="25" type="stmt" count="2"/>
        <line num="32" type="method" name="render" visibility="public" complexity="4" crap="4" count="53"/>
        <line num="34" type="stmt" count="53"/>
        <line num="35" type="stmt" count="1"/>
        <line num="39" type="stmt" count="52"/>
        <line num="40" type="stmt" count="17"/>
        <line num="43" type="stmt" count="52"/>
        <line num="44" type="stmt" count="52"/>
        <line num="52" type="method" name="renderSection" visibility="protected" complexity="11" crap="11" count="52"/>
        <line num="55" type="stmt" count="52"/>
        <line num="56" type="stmt" count="26"/>
        <line num="58" type="stmt" count="26"/>
        <line num="59" type="stmt" count="11"/>
        <line num="61" type="stmt" count="26"/>
        <line num="64" type="stmt" count="52"/>
        <line num="65" type="stmt" count="52"/>
        <line num="66" type="stmt" count="52"/>
        <line num="68" type="stmt" count="52"/>
        <line num="69" type="stmt" count="51"/>
        <line num="70" type="stmt" count="19"/>
        <line num="71" type="stmt" count="45"/>
        <line num="72" type="stmt" count="20"/>
        <line num="73" type="stmt" count="25"/>
        <line num="74" type="stmt" count="25"/>
        <line num="79" type="stmt" count="52"/>
        <line num="80" type="stmt" count="52"/>
        <line num="81" type="stmt" count="52"/>
        <line num="82" type="stmt" count="19"/>
        <line num="85" type="stmt" count="52"/>
        <line num="86" type="stmt" count="20"/>
        <line num="91" type="stmt" count="52"/>
        <line num="92" type="stmt" count="25"/>
        <line num="100" type="method" name="renderDefinitionList" visibility="protected" complexity="4" crap="4" count="19"/>
        <line num="102" type="stmt" count="19"/>
        <line num="103" type="stmt" count="19"/>
        <line num="104" type="stmt" count="19"/>
        <line num="105" type="stmt" count="19"/>
        <line num="108" type="stmt" count="19"/>
        <line num="109" type="stmt" count="7"/>
        <line num="110" type="stmt" count="7"/>
        <line num="111" type="stmt" count="7"/>
        <line num="115" type="stmt" count="19"/>
        <line num="118" type="stmt" count="19"/>
        <line num="124" type="method" name="renderContent" visibility="protected" complexity="10" crap="10" count="20"/>
        <line num="126" type="stmt" count="20"/>
        <line num="127" type="stmt" count="20"/>
        <line num="128" type="stmt" count="1"/>
        <line num="131" type="stmt" count="19"/>
        <line num="133" type="stmt" count="19"/>
        <line num="135" type="stmt" count="4"/>
        <line num="136" type="stmt" count="2"/>
        <line num="138" type="stmt" count="4"/>
        <line num="139" type="stmt" count="15"/>
        <line num="141" type="stmt" count="12"/>
        <line num="142" type="stmt" count="5"/>
        <line num="144" type="stmt" count="12"/>
        <line num="145" type="stmt" count="3"/>
        <line num="147" type="stmt" count="3"/>
        <line num="148" type="stmt" count="1"/>
        <line num="150" type="stmt" count="3"/>
        <line num="160" type="method" name="renderTableBlock" visibility="protected" complexity="1" crap="1" count="25"/>
        <line num="162" type="stmt" count="25"/>
        <line num="163" type="stmt" count="25"/>
        <line num="164" type="stmt" count="25"/>
        <line num="166" type="stmt" count="25"/>
        <line num="174" type="method" name="getVisibleColumns" visibility="protected" complexity="3" crap="3" count="26"/>
        <line num="176" type="stmt" count="26"/>
        <line num="177" type="stmt" count="26"/>
        <line num="178" type="stmt" count="26"/>
        <line num="179" type="stmt" count="26"/>
        <line num="183" type="stmt" count="26"/>
        <line num="190" type="method" name="buildHeaders" visibility="protected" complexity="3" crap="3" count="26"/>
        <line num="192" type="stmt" count="26"/>
        <line num="193" type="stmt" count="26"/>
        <line num="194" type="stmt" count="26"/>
        <line num="196" type="stmt" count="26"/>
        <line num="197" type="stmt" count="6"/>
        <line num="199" type="stmt" count="26"/>
        <line num="202" type="stmt" count="26"/>
        <line num="211" type="method" name="buildRows" visibility="protected" complexity="3" crap="3" count="25"/>
        <line num="213" type="stmt" count="25"/>
        <line num="214" type="stmt" count="25"/>
        <line num="215" type="stmt" count="25"/>
        <line num="216" type="stmt" count="25"/>
        <line num="217" type="stmt" count="25"/>
        <line num="218" type="stmt" count="25"/>
        <line num="220" type="stmt" count="25"/>
        <line num="223" type="stmt" count="25"/>
        <line num="229" type="method" name="shouldShowColumn" visibility="protected" complexity="4" crap="4" count="29"/>
        <line num="231" type="stmt" count="29"/>
        <line num="232" type="stmt" count="27"/>
        <line num="235" type="stmt" count="14"/>
        <line num="236" type="stmt" count="14"/>
        <line num="237" type="stmt" count="2"/>
        <line num="241" type="stmt" count="12"/>
        <line num="247" type="method" name="extractValue" visibility="protected" complexity="6" crap="6" count="30"/>
        <line num="249" type="stmt" count="30"/>
        <line num="251" type="stmt" count="24"/>
        <line num="256" type="stmt" count="24"/>
        <line num="259" type="stmt" count="23"/>
        <line num="262" type="stmt" count="23"/>
        <line num="263" type="stmt" count="21"/>
        <line num="264" type="stmt" count="21"/>
        <line num="266" type="stmt" count="2"/>
        <line num="270" type="stmt" count="3"/>
        <line num="272" type="stmt" count="3"/>
        <line num="277" type="stmt" count="9"/>
        <line num="279" type="stmt" count="9"/>
        <line num="282" type="stmt" count="6"/>
        <line num="284" type="stmt" count="6"/>
        <line num="285" type="stmt" count="1"/>
        <line num="288" type="stmt" count="5"/>
        <line num="294" type="method" name="getFormatterParameterCount" visibility="private" complexity="6" crap="6" count="30"/>
        <line num="296" type="stmt" count="30"/>
        <line num="297" type="stmt" count="25"/>
        <line num="299" type="stmt" count="25"/>
        <line num="302" type="stmt" count="5"/>
        <line num="303" type="stmt" count="1"/>
        <line num="305" type="stmt" count="1"/>
        <line num="308" type="stmt" count="4"/>
        <line num="309" type="stmt" count="1"/>
        <line num="311" type="stmt" count="1"/>
        <line num="315" type="stmt" count="3"/>
        <line num="318" type="method" name="getPropertyValue" visibility="protected" complexity="5" crap="5" count="24"/>
        <line num="320" type="stmt" count="24"/>
        <line num="321" type="stmt" count="21"/>
        <line num="324" type="stmt" count="3"/>
        <line num="325" type="stmt" count="1"/>
        <line num="328" type="stmt" count="2"/>
        <line num="331" type="method" name="evaluateCondition" visibility="protected" complexity="2" crap="2" count="15"/>
        <line num="333" type="stmt" count="15"/>
        <line num="335" type="stmt" count="15"/>
        <metrics loc="338" ncloc="269" classes="1" methods="15" coveredmethods="15" conditionals="0" coveredconditionals="0" statements="120" coveredstatements="120" elements="135" coveredelements="135"/>
      </file>
      <file name="/home/pem/dev/stud-cli/src/View/Section.php">
        <class name="App\View\Section" namespace="App\View">
          <metrics complexity="1" methods="1" coveredmethods="1" conditionals="0" coveredconditionals="0" statements="1" coveredstatements="1" elements="2" coveredelements="2"/>
        </class>
        <line num="12" type="method" name="__construct" visibility="public" complexity="1" crap="1" count="75"/>
        <line num="16" type="stmt" count="75"/>
        <metrics loc="18" ncloc="15" classes="1" methods="1" coveredmethods="1" conditionals="0" coveredconditionals="0" statements="1" coveredstatements="1" elements="2" coveredelements="2"/>
      </file>
      <file name="/home/pem/dev/stud-cli/src/View/TableBlock.php">
        <class name="App\View\TableBlock" namespace="App\View">
          <metrics complexity="1" methods="1" coveredmethods="1" conditionals="0" coveredconditionals="0" statements="1" coveredstatements="1" elements="2" coveredelements="2"/>
        </class>
        <line num="15" type="method" name="__construct" visibility="public" complexity="1" crap="1" count="46"/>
        <line num="18" type="stmt" count="46"/>
        <metrics loc="20" ncloc="14" classes="1" methods="1" coveredmethods="1" conditionals="0" coveredconditionals="0" statements="1" coveredstatements="1" elements="2" coveredelements="2"/>
      </file>
    </package>
    <file name="/home/pem/dev/stud-cli/src/View/ViewConfigInterface.php">
      <metrics loc="19" ncloc="15" classes="0" methods="0" coveredmethods="0" conditionals="0" coveredconditionals="0" statements="0" coveredstatements="0" elements="0" coveredelements="0"/>
    </file>
    <metrics files="101" loc="14093" ncloc="11179" classes="92" methods="535" coveredmethods="534" conditionals="0" coveredconditionals="0" statements="4652" coveredstatements="4649" elements="5187" coveredelements="5183"/>
  </project>
</coverage>
